\BOOKMARK [1][-]{section.1}{\376\377\000I\000n\000t\000r\000o\000d\000u\000c\000t\000i\000o\000n}{}% 1
\BOOKMARK [1][-]{section.2}{\376\377\000D\000a\000t\000a\000\040\000u\000n\000d\000e\000r\000s\000t\000a\000n\000d\000i\000n\000g}{}% 2
\BOOKMARK [2][-]{subsection.2.1}{\376\377\000F\000e\000a\000t\000u\000r\000e\000\040\000d\000i\000s\000t\000r\000i\000b\000u\000t\000i\000o\000n\000s}{section.2}% 3
\BOOKMARK [2][-]{subsection.2.2}{\376\377\000C\000o\000r\000r\000e\000c\000t\000\040\000v\000a\000l\000u\000e\000s\000\040\000c\000h\000e\000c\000k}{section.2}% 4
\BOOKMARK [2][-]{subsection.2.3}{\376\377\000M\000i\000s\000s\000i\000n\000g\000\040\000v\000a\000l\000u\000e\000s}{section.2}% 5
\BOOKMARK [2][-]{subsection.2.4}{\376\377\000C\000o\000r\000r\000e\000l\000a\000t\000i\000o\000n\000\040\000b\000e\000t\000w\000e\000e\000n\000\040\000f\000e\000a\000t\000u\000r\000e\000s}{section.2}% 6
\BOOKMARK [3][-]{subsubsection.2.4.1}{\376\377\000C\000o\000r\000r\000e\000l\000a\000t\000i\000o\000n\000\040\000M\000a\000t\000r\000i\000x}{subsection.2.4}% 7
\BOOKMARK [3][-]{subsubsection.2.4.2}{\376\377\000P\000o\000i\000n\000t\000s\000,\000\040\000A\000g\000e\000,\000\040\000T\000e\000m\000p\000e\000r\000a\000t\000u\000r\000e\000\040\000a\000n\000d\000\040\000C\000a\000r\000e\000e\000r\000\040\000S\000p\000a\000n}{subsection.2.4}% 8
\BOOKMARK [3][-]{subsubsection.2.4.3}{\376\377\000P\000h\000y\000s\000i\000c\000a\000l\000\040\000A\000t\000t\000r\000i\000b\000u\000t\000e\000s\000,\000\040\000P\000e\000r\000f\000o\000r\000m\000a\000n\000c\000e\000\040\000a\000n\000d\000\040\000R\000a\000c\000e\000\040\000P\000r\000o\000f\000i\000l\000e}{subsection.2.4}% 9
\BOOKMARK [3][-]{subsubsection.2.4.4}{\376\377\000M\000o\000t\000i\000v\000a\000t\000i\000o\000n}{subsection.2.4}% 10
\BOOKMARK [1][-]{section.3}{\376\377\000D\000a\000t\000a\000\040\000t\000r\000a\000n\000s\000f\000o\000r\000m\000a\000t\000i\000o\000n}{}% 11
\BOOKMARK [2][-]{subsection.3.1}{\376\377\000F\000i\000l\000l\000\040\000m\000i\000s\000s\000i\000n\000g\000\040\000d\000a\000t\000a}{section.3}% 12
\BOOKMARK [3][-]{subsubsection.3.1.1}{\376\377\000I\000m\000p\000u\000t\000a\000t\000i\000o\000n\000\040\000o\000f\000\040\000u\000c\000i\000\137\000p\000o\000i\000n\000t\000s\000,\000\040\000c\000l\000i\000m\000b\000\137\000t\000o\000t\000a\000l\000,\000\040\000p\000r\000o\000f\000i\000l\000e\000\040\000a\000n\000d\000\040\000d\000e\000l\000t\000a\000\040\000n\000u\000l\000l\000\040\000v\000a\000l\000u\000e\000s}{subsection.3.1}% 13
\BOOKMARK [3][-]{subsubsection.3.1.2}{\376\377\000M\000e\000t\000h\000o\000d\000o\000l\000o\000g\000y\000\040\000O\000v\000e\000r\000v\000i\000e\000w}{subsection.3.1}% 14
\BOOKMARK [3][-]{subsubsection.3.1.3}{\376\377\000S\000e\000t\000\040\000u\000p}{subsection.3.1}% 15
\BOOKMARK [3][-]{subsubsection.3.1.4}{\376\377\000M\000o\000t\000i\000v\000a\000t\000i\000o\000n}{subsection.3.1}% 16
\BOOKMARK [3][-]{subsubsection.3.1.5}{\376\377\000M\000u\000l\000t\000i\000p\000l\000e\000\040\000R\000e\000g\000r\000e\000s\000s\000o\000r\000\040\000A\000p\000p\000r\000o\000a\000c\000h}{subsection.3.1}% 17
\BOOKMARK [3][-]{subsubsection.3.1.6}{\376\377\000D\000i\000s\000t\000r\000i\000b\000u\000t\000i\000o\000n\000-\000b\000a\000s\000e\000d\000\040\000I\000m\000p\000u\000t\000a\000t\000i\000o\000n}{subsection.3.1}% 18
\BOOKMARK [3][-]{subsubsection.3.1.7}{\376\377\000K\000N\000N\000\040\000I\000m\000p\000u\000t\000a\000t\000i\000o\000n}{subsection.3.1}% 19
\BOOKMARK [3][-]{subsubsection.3.1.8}{\376\377\000C\000o\000m\000p\000a\000r\000a\000t\000i\000v\000e\000\040\000A\000n\000a\000l\000y\000s\000i\000s}{subsection.3.1}% 20
\BOOKMARK [2][-]{subsection.3.2}{\376\377\000F\000e\000a\000t\000u\000r\000e\000\040\000e\000n\000g\000i\000n\000e\000e\000r\000i\000n\000g}{section.3}% 21
\BOOKMARK [2][-]{subsection.3.3}{\376\377\000O\000u\000t\000l\000i\000e\000r\000s\000\040\000d\000e\000t\000e\000c\000t\000i\000o\000n}{section.3}% 22
\BOOKMARK [3][-]{subsubsection.3.3.1}{\376\377\000M\000o\000t\000i\000v\000a\000t\000i\000o\000n}{subsection.3.3}% 23
\BOOKMARK [3][-]{subsubsection.3.3.2}{\376\377\000S\000e\000t\000\040\000u\000p}{subsection.3.3}% 24
\BOOKMARK [3][-]{subsubsection.3.3.3}{\376\377\000T\000u\000n\000i\000n\000g\000\040\000a\000n\000d\000\040\000S\000c\000o\000r\000i\000n\000g}{subsection.3.3}% 25
\BOOKMARK [2][-]{subsection.3.4}{\376\377\000O\000u\000t\000l\000i\000e\000r\000s\000\040\000a\000n\000a\000l\000y\000s\000i\000s}{section.3}% 26
\BOOKMARK [1][-]{section.4}{\376\377\000D\000a\000t\000a\000\040\000c\000l\000u\000s\000t\000e\000r\000i\000n\000g}{}% 27
\BOOKMARK [2][-]{subsection.4.1}{\376\377\000K\000-\000m\000e\000a\000n\000s}{section.4}% 28
\BOOKMARK [2][-]{subsection.4.2}{\376\377\000D\000B\000S\000C\000A\000N\000\040\000c\000l\000u\000s\000t\000e\000r\000i\000n\000g}{section.4}% 29
\BOOKMARK [2][-]{subsection.4.3}{\376\377\000H\000i\000e\000r\000a\000r\000c\000h\000i\000c\000a\000l\000\040\000c\000l\000u\000s\000t\000e\000r\000i\000n\000g}{section.4}% 30
\BOOKMARK [1][-]{section.5}{\376\377\000P\000r\000e\000d\000i\000c\000t\000i\000v\000e\000\040\000m\000o\000d\000e\000l\000s}{}% 31
\BOOKMARK [2][-]{subsection.5.1}{\376\377\000L\000i\000n\000e\000a\000r\000\040\000c\000l\000a\000s\000s\000i\000f\000i\000c\000a\000t\000i\000o\000n}{section.5}% 32
\BOOKMARK [3][-]{subsubsection.5.1.1}{\376\377\000A\000n\000a\000l\000y\000s\000i\000s\000\040\000p\000a\000t\000t\000e\000r\000n}{subsection.5.1}% 33
\BOOKMARK [2][-]{subsection.5.2}{\376\377\000E\000s\000e\000m\000b\000l\000i\000n\000g\000\040\000l\000i\000n\000e\000a\000r\000\040\000c\000l\000a\000s\000s\000i\000f\000i\000c\000a\000t\000i\000o\000n}{section.5}% 34
\BOOKMARK [3][-]{subsubsection.5.2.1}{\376\377\000A\000n\000a\000l\000y\000s\000i\000s\000\040\000p\000a\000t\000t\000e\000r\000n}{subsection.5.2}% 35
\BOOKMARK [2][-]{subsection.5.3}{\376\377\000N\000e\000u\000r\000a\000l\000\040\000n\000e\000t\000w\000o\000r\000k}{section.5}% 36
\BOOKMARK [3][-]{subsubsection.5.3.1}{\376\377\000A\000n\000a\000l\000y\000s\000i\000s\000\040\000p\000a\000t\000t\000e\000r\000n}{subsection.5.3}% 37
\BOOKMARK [2][-]{subsection.5.4}{\376\377\000S\000u\000p\000p\000o\000r\000t\000\040\000v\000e\000c\000t\000o\000r\000\040\000m\000a\000c\000h\000i\000n\000e}{section.5}% 38
\BOOKMARK [3][-]{subsubsection.5.4.1}{\376\377\000A\000n\000a\000l\000y\000s\000i\000s\000\040\000p\000a\000t\000t\000e\000r\000n}{subsection.5.4}% 39
\BOOKMARK [2][-]{subsection.5.5}{\376\377\000D\000e\000c\000i\000s\000i\000o\000n\000\040\000t\000r\000e\000e}{section.5}% 40
\BOOKMARK [3][-]{subsubsection.5.5.1}{\376\377\000A\000n\000a\000l\000y\000s\000i\000s\000\040\000m\000o\000d\000e\000l}{subsection.5.5}% 41
\BOOKMARK [3][-]{subsubsection.5.5.2}{\376\377\000A\000n\000a\000l\000y\000s\000i\000s\000\040\000p\000a\000t\000t\000e\000r\000n}{subsection.5.5}% 42
\BOOKMARK [2][-]{subsection.5.6}{\376\377\000R\000a\000n\000d\000o\000m\000\040\000f\000o\000r\000e\000s\000t}{section.5}% 43
\BOOKMARK [3][-]{subsubsection.5.6.1}{\376\377\000A\000n\000a\000l\000y\000s\000i\000s\000\040\000p\000a\000t\000t\000e\000r\000n}{subsection.5.6}% 44
\BOOKMARK [1][-]{section.6}{\376\377\000C\000o\000n\000c\000l\000u\000s\000i\000o\000n}{}% 45
